c:\users\장태현\desktop\mfc_project\mfcproject\mfcproject\x64\debug\mfcproject.pch
c:\users\장태현\desktop\mfc_project\mfcproject\mfcproject\x64\debug\vc143.pdb
c:\users\장태현\desktop\mfc_project\mfcproject\mfcproject\x64\debug\vc143.idb
c:\users\장태현\desktop\mfc_project\mfcproject\mfcproject\x64\debug\pch.obj
c:\users\장태현\desktop\mfc_project\mfcproject\mfcproject\x64\debug\mfcprojectdlg.obj
c:\users\장태현\desktop\mfc_project\mfcproject\mfcproject\x64\debug\mfcproject.obj
c:\users\장태현\desktop\mfc_project\mfcproject\mfcproject\x64\debug\mfcproject.ilk
c:\users\장태현\desktop\mfc_project\mfcproject\x64\debug\mfcproject.exe
c:\users\장태현\desktop\mfc_project\mfcproject\x64\debug\mfcproject.pdb
c:\users\장태현\desktop\mfc_project\mfcproject\mfcproject\x64\debug\mfcproject.res
d:\mfc\mfcproject\mfcproject\x64\debug\mfcproject.obj
d:\mfc\mfcproject\mfcproject\x64\debug\mfcprojectdlg.obj
d:\mfc\mfcproject\mfcproject\x64\debug\pch.obj
d:\mfc\mfcproject\mfcproject\x64\debug\mfcproject.ilk
d:\mfc\mfcproject\mfcproject\x64\debug\mfcproject.res
d:\mfc\mfcproject\mfcproject\x64\debug\mfcproject.pch
d:\mfc\mfcproject\mfcproject\x64\debug\vc143.idb
d:\mfc\mfcproject\mfcproject\x64\debug\vc143.pdb
d:\mfc\mfcproject\x64\debug\mfcproject.pdb
d:\mfc\mfcproject\x64\debug\mfcproject.exe
d:\mfc\mfcproject\mfcproject\x64\debug\mfcproject.tlog\cl.command.1.tlog
d:\mfc\mfcproject\mfcproject\x64\debug\mfcproject.tlog\cl.items.tlog
d:\mfc\mfcproject\mfcproject\x64\debug\mfcproject.tlog\cl.read.1.tlog
d:\mfc\mfcproject\mfcproject\x64\debug\mfcproject.tlog\cl.write.1.tlog
d:\mfc\mfcproject\mfcproject\x64\debug\mfcproject.tlog\link.command.1.tlog
d:\mfc\mfcproject\mfcproject\x64\debug\mfcproject.tlog\link.read.1.tlog
d:\mfc\mfcproject\mfcproject\x64\debug\mfcproject.tlog\link.write.1.tlog
d:\mfc\mfcproject\mfcproject\x64\debug\mfcproject.tlog\rc.command.1.tlog
d:\mfc\mfcproject\mfcproject\x64\debug\mfcproject.tlog\rc.read.1.tlog
d:\mfc\mfcproject\mfcproject\x64\debug\mfcproject.tlog\rc.write.1.tlog
